<?xml version="1.0" encoding="UTF-8"?>
<testsuite name="AndresCepeda" tests="1" skipped="0" failures="0" errors="0" timestamp="2022-09-02T14:37:36" hostname="DESKTOP-7PSJJ0Q" time="49.04">
  <properties/>
  <testcase name="Interact on the page Store" classname="AndresCepeda" time="49.04"/>
  <system-out><![CDATA[TRECE  × 1
$35,000
Basado en una historia real  × 1
$35,000
]]></system-out>
  <system-err><![CDATA[[Test worker] INFO net.thucydides.core.steps.ConsoleLoggingListener - STARTING STEP Given that enter the website  "https://andrescepeda.com.co/"
[Test worker] INFO net.thucydides.core.steps.ConsoleLoggingListener - STARTING STEP Andres opens the https://andrescepeda.com.co/
sep. 02, 2022 9:37:37 A. M. org.openqa.selenium.remote.DesiredCapabilities chrome
INFO: Using `new ChromeOptions()` is preferred to `DesiredCapabilities.chrome()`
[Test worker] INFO net.serenitybdd.core.webdriver.driverproviders.ProvideNewDriver - Instantiating driver
[Test worker] INFO net.serenitybdd.core.webdriver.driverproviders.ProvideNewDriver - Driver capabilities: Capabilities {acceptInsecureCerts: false, browserName: chrome, chrome.switches: "--disable-notifications, -..., goog:chromeOptions: {args: [--", --disable-notifications, --enable-automation, --profile-directory=Default, --disable-web-security, --disable-plugins-discovery, --disk-cache-dir=null, --disable-popup-blocking, --disable-downloa-notification, --start-maximized, --ignore-certificate-errors, --allow-running-insecure-co..., --disable-translate, always..., --incognito", --enable-automation, --test-type], extensions: []}, loggingPrefs: org.openqa.selenium.logging..., platform: ANY, version: }
Starting ChromeDriver 105.0.5195.52 (412c95e518836d8a7d97250d62b29c2ae6a26a85-refs/branch-heads/5195@{#853}) on port 9839
Only local connections are allowed.
Please see https://chromedriver.chromium.org/security-considerations for suggestions on keeping ChromeDriver safe.
ChromeDriver was started successfully.
sep. 02, 2022 9:37:41 A. M. org.openqa.selenium.remote.ProtocolHandshake createSession
INFO: Detected dialect: W3C
[Test worker] INFO net.thucydides.core.steps.ConsoleLoggingListener - FINISHING STEP
[Test worker] INFO net.thucydides.core.steps.ConsoleLoggingListener - FINISHING STEP
[Test worker] INFO net.thucydides.core.steps.ConsoleLoggingListener - STARTING STEP When select the option Store and add two items to shopping cart and checkout
[Test worker] INFO net.thucydides.core.steps.ConsoleLoggingListener - STARTING STEP Andres buy items
[Test worker] INFO net.thucydides.core.steps.ConsoleLoggingListener - STARTING STEP Andres clicks on Botón opción de tienda
[Test worker] INFO net.thucydides.core.steps.ConsoleLoggingListener - FINISHING STEP
[Test worker] INFO net.thucydides.core.steps.ConsoleLoggingListener - STARTING STEP Andres clicks on Botón opción primer articulo
[Test worker] INFO net.thucydides.core.steps.ConsoleLoggingListener - FINISHING STEP
[Test worker] INFO net.thucydides.core.steps.ConsoleLoggingListener - STARTING STEP Andres clicks on Botón opción añadir al carrito
[Test worker] INFO net.thucydides.core.steps.ConsoleLoggingListener - FINISHING STEP
[Test worker] INFO net.thucydides.core.steps.ConsoleLoggingListener - STARTING STEP Andres clicks on Botón opción seguir comprando
[Test worker] INFO net.thucydides.core.steps.ConsoleLoggingListener - FINISHING STEP
[Test worker] INFO net.thucydides.core.steps.ConsoleLoggingListener - STARTING STEP Andres clicks on Botón opción segundo articulo
[Test worker] INFO net.thucydides.core.steps.ConsoleLoggingListener - FINISHING STEP
[Test worker] INFO net.thucydides.core.steps.ConsoleLoggingListener - STARTING STEP Andres clicks on Botón opción añadir al carrito
[Test worker] INFO net.thucydides.core.steps.ConsoleLoggingListener - FINISHING STEP
[Test worker] INFO net.thucydides.core.steps.ConsoleLoggingListener - STARTING STEP Andres clicks on Botón opción finalizar compra
[Test worker] INFO net.thucydides.core.steps.ConsoleLoggingListener - FINISHING STEP
[Test worker] INFO net.thucydides.core.steps.ConsoleLoggingListener - FINISHING STEP
[Test worker] INFO net.thucydides.core.steps.ConsoleLoggingListener - FINISHING STEP
[Test worker] INFO net.thucydides.core.steps.ConsoleLoggingListener - STARTING STEP Then you should validate that the information name price of the first and second item is displayed in the console and compared with a text
[Test worker] INFO net.thucydides.core.steps.ConsoleLoggingListener - STARTING STEP Then verify information buy should be (false)
[Test worker] INFO net.thucydides.core.steps.ConsoleLoggingListener - FINISHING STEP
[Test worker] INFO net.thucydides.core.steps.ConsoleLoggingListener - FINISHING STEP
[Test worker] INFO net.thucydides.core.steps.ConsoleLoggingListener - ?[92m
        __    _____ _____ ____ _____   ____   _    ____  ____  _____ ____  
  _     \ \  |_   _| ____/ ___|_   _| |  _ \ / \  / ___|/ ___|| ____|  _ \ 
 (_)_____| |   | | |  _| \___ \ | |   | |_) / _ \ \___ \\___ \|  _| | | | |
  _|_____| |   | | | |___ ___) || |   |  __/ ___ \ ___) |___) | |___| |_| |
 (_)     | |   |_| |_____|____/ |_|   |_| /_/   \_\____/|____/|_____|____/ 
        /_/                                                                

TEST PASSED: Interact on the page Store
----------------------------------------------------------------------------?[0m
]]></system-err>
</testsuite>
