<?xml version="1.0" encoding="UTF-8"?>
<testsuite name="enter the page" tests="1" skipped="0" failures="0" errors="0" timestamp="2022-09-02T14:26:26" hostname="DESKTOP-7MNG5Q6" time="9.263">
  <properties/>
  <testcase name="enter the page news" classname="enter the page" time="9.263"/>
  <system-out><![CDATA[ANDRÉS CEPEDA LANZA “LO QUE HABÍA OLVIDADO”, UNA BALADA DEDICADA A ELISA RESTREPO.
]]></system-out>
  <system-err><![CDATA[[Test worker] INFO net.thucydides.core.steps.ConsoleLoggingListener - STARTING STEP Given that enters the website "https://andrescepeda.com.co/" n
[Test worker] INFO net.thucydides.core.steps.ConsoleLoggingListener - STARTING STEP Luna opens the https://andrescepeda.com.co/
sep. 02, 2022 9:26:26 A. M. org.openqa.selenium.remote.DesiredCapabilities chrome
INFO: Using `new ChromeOptions()` is preferred to `DesiredCapabilities.chrome()`
[Test worker] INFO net.serenitybdd.core.webdriver.driverproviders.ProvideNewDriver - Instantiating driver
[Test worker] INFO net.serenitybdd.core.webdriver.driverproviders.ProvideNewDriver - Driver capabilities: Capabilities {acceptInsecureCerts: false, browserName: chrome, chrome.switches: "--disable-notifications, -..., goog:chromeOptions: {args: [--", --disable-notifications, --enable-automation, --profile-directory=Default, --disable-web-security, --disable-plugins-discovery, --disk-cache-dir=null, --disable-popup-blocking, --disable-downloa-notification, --start-maximized, --ignore-certificate-errors, --allow-running-insecure-co..., --disable-translate, always..., --incognito", --enable-automation, --test-type], extensions: []}, loggingPrefs: org.openqa.selenium.logging..., platform: ANY, version: }
Starting ChromeDriver 104.0.5112.79 (3cf3e8c8a07d104b9e1260c910efb8f383285dc5-refs/branch-heads/5112@{#1307}) on port 28318
Only local connections are allowed.
Please see https://chromedriver.chromium.org/security-considerations for suggestions on keeping ChromeDriver safe.
ChromeDriver was started successfully.
[1662128788.801][WARNING]: This version of ChromeDriver has not been tested with Chrome version 105.
sep. 02, 2022 9:26:28 A. M. org.openqa.selenium.remote.ProtocolHandshake createSession
INFO: Detected dialect: W3C
[Test worker] INFO net.thucydides.core.steps.ConsoleLoggingListener - FINISHING STEP
[Test worker] INFO net.thucydides.core.steps.ConsoleLoggingListener - FINISHING STEP
[Test worker] INFO net.thucydides.core.steps.ConsoleLoggingListener - STARTING STEP When select the News option
[Test worker] INFO net.thucydides.core.steps.ConsoleLoggingListener - STARTING STEP Luna news
[Test worker] INFO net.thucydides.core.steps.ConsoleLoggingListener - STARTING STEP Luna clicks on boton de noticias
[Test worker] INFO net.thucydides.core.steps.ConsoleLoggingListener - FINISHING STEP
[Test worker] INFO net.thucydides.core.steps.ConsoleLoggingListener - FINISHING STEP
[Test worker] INFO net.thucydides.core.steps.ConsoleLoggingListener - FINISHING STEP
[Test worker] INFO net.thucydides.core.steps.ConsoleLoggingListener - STARTING STEP Then must validate that the information of the first news provided by the page, is displayed in the console and compared with a text
[Test worker] INFO net.thucydides.core.steps.ConsoleLoggingListener - STARTING STEP Then news q should be (false)
[Test worker] INFO net.thucydides.core.steps.ConsoleLoggingListener - FINISHING STEP
[Test worker] INFO net.thucydides.core.steps.ConsoleLoggingListener - FINISHING STEP
[Test worker] INFO net.thucydides.core.steps.ConsoleLoggingListener - ?[92m
        __    _____ _____ ____ _____   ____   _    ____  ____  _____ ____  
  _     \ \  |_   _| ____/ ___|_   _| |  _ \ / \  / ___|/ ___|| ____|  _ \ 
 (_)_____| |   | | |  _| \___ \ | |   | |_) / _ \ \___ \\___ \|  _| | | | |
  _|_____| |   | | | |___ ___) || |   |  __/ ___ \ ___) |___) | |___| |_| |
 (_)     | |   |_| |_____|____/ |_|   |_| /_/   \_\____/|____/|_____|____/ 
        /_/                                                                

TEST PASSED: enter the page news
----------------------------------------------------------------------------?[0m
]]></system-err>
</testsuite>
